1532370508724	geckodriver	INFO	geckodriver 0.21.0
1532370508736	geckodriver	INFO	Listening on 127.0.0.1:54196
1532370511362	mozrunner::runner	INFO	Running command: "C:\\Program Files\\Mozilla Firefox\\firefox.exe" "-marionette" "-foreground" "-no-remote" "-profile" "C:\\Users\\monster\\AppData\\Local\\Temp\\rust_mozprofile.vw6rocoED2TJ"
Unable to read VR Path Registry from C:\Users\monster\AppData\Local\openvr\openvrpaths.vrpath
Unable to read VR Path Registry from C:\Users\monster\AppData\Local\openvr\openvrpaths.vrpath
Unable to read VR Path Registry from C:\Users\monster\AppData\Local\openvr\openvrpaths.vrpath
Unable to read VR Path Registry from C:\Users\monster\AppData\Local\openvr\openvrpaths.vrpath
Unable to read VR Path Registry from C:\Users\monster\AppData\Local\openvr\openvrpaths.vrpath
1532370512627	Marionette	INFO	Listening on port 54204
1532370512984	Marionette	WARN	TLS certificate errors will be ignored for this session
JavaScript error: https://ss1.bdstatic.com/5eN1bjq8AAUYm2zgoY3K/r/www/cache/static/protocol/https/plugins/every_cookie_4644b13.js, line 4: ReferenceError: c is not defined
[Parent 9248, Gecko_IOThread] WARNING: pipe error: 109: file z:/build/build/src/ipc/chromium/src/chrome/common/ipc_channel_win.cc, line 346
[Parent 9248, Gecko_IOThread] WARNING: pipe error: 109: file z:/build/build/src/ipc/chromium/src/chrome/common/ipc_channel_win.cc, line 346
[Child 12156, Chrome_ChildThread] WARNING: pipe error: 109: file z:/build/build/src/ipc/chromium/src/chrome/common/ipc_channel_win.cc, line 346
[Child 3280, C[Chihldr 1ome_ChildThread] WARNING: pipe error: 109: file z:/build/build/src/ipc/chromium/src/chrome/common/ipc_channel_win.cc, line 346
[Child 3280,[Parent 9248, Gecko_IOThread] WARNING: pipe error: 109: file z:/build/build/src/ipc/chromium/src/chrome/common/ipc_channel_win.cc, line 346
[Child 9868, Chrome_ChildThread] WARNING: pipe error: 109: file z:/build/build/src/ipc/chromium/src/chrome/common/ipc_channel_win.cc, line 346
[Child 9868, Chr
###!!! [Child][MessageChannel::SendAndWait] Error: Channel err[Child 1200, Chrome_ChildThread] WARNING: pipe error: 109: file z:/build/build/src/ipc/chromium/src/chrome/common/ipc_channel_win.cc, line 346
[Child 1200, Chrome_ChildThre[Child 9388, Chrome_ChildThread] WARNING: pipe error: 109: file z:/build/build/src/ipc/chromium/src/chrome/common/ipc_channel_win.cc, line 346
[Child 9388, [Parent 9616, Gecko_IOThread] WARNING: pipe error: 109: file z:/build/build/src/ipc/chromium/src/chrome/common/ipc_channel_win.cc, line 346
[Child 9236, Chrome_ChildThread] WARNING: pipe error: 109: file z:/build/build/src/ipc/chromium/src/chrome/common/ipc_channel_win.cc, line 346
[Child 9236,[GPU 1000, Chrome_ChildThread] WARNING: pipe error: 109: file z:/build/build/src/
###!!! [Child][MessageChannel::SendAndWait] Error: Channel error: cannot send/recv

1532370799879	geckodriver	INFO	geckodriver 0.21.0
1532370799890	geckodriver	INFO	Listening on 127.0.0.1:54347
1532370802875	mozrunner::runner	INFO	Running command: "C:\\Program Files\\Mozilla Firefox\\firefox.exe" "-marionette" "-foreground" "-no-remote" "-profile" "C:\\Users\\monster\\AppData\\Local\\Temp\\rust_mozprofile.aMvUoHMO8L64"
Unable to read VR Path Registry from C:\Users\monster\AppData\Local\openvr\openvrpaths.vrpath
Unable to read VR Path Registry from C:\Users\monster\AppData\Local\openvr\openvrpaths.vrpath
Unable to read VR Path Registry from C:\Users\monster\AppData\Local\openvr\openvrpaths.vrpath
Unable to read VR Path Registry from C:\Users\monster\AppData\Local\openvr\openvrpaths.vrpath
Unable to read VR Path Registry from C:\Users\monster\AppData\Local\openvr\openvrpaths.vrpath
1532370804091	Marionette	INFO	Listening on port 54355
1532370804483	Marionette	WARN	TLS certificate errors will be ignored for this session
JavaScript error: https://ss1.bdstatic.com/5eN1bjq8AAUYm2zgoY3K/r/www/cache/static/protocol/https/plugins/every_cookie_4644b13.js, line 4: ReferenceError: c is not defined
Handler function NetworkEventActorProxy.addSecurityInfo threw an exception: [Exception... "Component not initialized"  nsresult: "0xc1f30001 (NS_ERROR_NOT_INITIALIZED)"  location: "JS frame :: resource://devtools/shared/base-loader.js -> resource://devtools/shared/webconsole/network-monitor.js :: NetworkEventActorProxy.methodFactory/< :: line 1887"  data: no]
Stack: NetworkEventActorProxy.methodFactory/<@resource://devtools/shared/base-loader.js -> resource://devtools/shared/webconsole/network-monitor.js:1887:5
exports.makeInfallible/<@resource://devtools/shared/base-loader.js -> resource://devtools/shared/ThreadSafeDevToolsUtils.js:109:14
NetworkResponseListener.prototype._getSecurityInfo<@resource://devtools/shared/base-loader.js -> resource://devtools/shared/webconsole/network-monitor.js:518:5
exports.makeInfallible/<@resource://devtools/shared/base-loader.js -> resource://devtools/shared/ThreadSafeDevToolsUtils.js:109:14
onStartRequest@resource://devtools/shared/base-loader.js -> resource://devtools/shared/webconsole/network-monitor.js:438:5
Line: 1887, column: 0
console.error: "Handler function Netwo[Parent 5368, Gecko_IOThread] WARNING: pipe error: 109: file z:/build/build/src/ipc/chromium/src/chrome/common/ipc_channel_win.cc, line 346
[Parent 5368, Gecko_IOThread] WARNING: pipe error: 109: file z:/build/build/src/ipc/chromium/src/chrome/common/ipc_channel_win.cc, line 346
[Child 11164, Chrome_ChildThread] WARNING: pipe error: 109: file z:/build/build/src/ipc/chromium/src/chrome/common/ipc_channel_win.cc, line 346
[Child 11164, Chrome_ChildThread] WARNING: pipe error: 109: file z:/build/build/src/ipc/chromium/src/chrome/common/ipc_channel_win.cc, line 346
[Parent 5368, Gecko_IOThread] WARNING: pipe error: 109: file z:/build/build/src/ipc/chromium/src/chrome/common/ipc_channel_win.cc, line 346
[Child 9924, Chrome_ChildThread] WARNING: pipe error: 109: file z:/build/build/src/ipc/chromium/src/chrome/common/ipc_channel_win.cc, line 346
[Child 9924, Chrome_ChildThread] WARNING: pipe error:[GPU 4444, Chrome_Child
###!!! [Child][MessageChannel::SendAndWait] Error: Channel error: cannot send/recv

sole/network-monitor.js:438:5\nLine: 1887, column: 0"
Handler function NetworkEventActorProxy.addResponseContent threw an exception: [Exception... "Component not initialized"  nsresult: "0xc1f30001 (NS_ERROR_NOT_INITIALIZED)"  location: "JS frame :: resource://devtools/shared/base-loader.js -> resource://devtools/shared/webconsole/network-monitor.js :: NetworkEventActorProxy.methodFactory/< :: line 1887"  data: no]
Stack: NetworkEventActorProxy.methodFactory/<@resource://devtools/shared/base-loader.js -> resource://devtools/shared/webconsole/network-monitor.js:1887:5
exports.makeInfallible/<@resource://devtools/shared/base-loader.js -> resource://devtools/shared/ThreadSafeDevToolsUtils.js:109:14
_onComplete@resource://devtools/shared/base-loader.js -> resource://devtools/shared/webconsole/network-monitor.js:663:5
onStreamClose@resource://devtools/shared/base-loader.js -> resource://devtools/shared/webconsole/network-monitor.js:620:7
onInputStreamReady@resource://devtools/shared/base-loader.js -> resource://devtools/shared/webconsole/network-monitor.js:714:7
Line: 1887, column: 0
console.error: "Handler function NetworkEventActorProxy.addResponseContent threw an exception: [Exception... \"Component not initialized\"  nsresult: \"0xc1f30001 (NS_ERROR_NOT_INITIALIZED)\"  location: \"JS frame :: resource://devtools/shared/base-loader.js -> resource://devtools/shared/webconsole/network-monitor.js :: NetworkEventActorProxy.methodFactory/< :: line 1887\"  data: no]\nStack: NetworkEventActorProxy.methodFactory/<@resource://devtools/shared/base-loader.js -> resource://devtools/shared/webconsole/network-monitor.js:1887:5\nexports.makeInfallible/<@resource://devtools/shared/base-loader.js -> resource://devtools/shared/ThreadSafeDevToolsUtils.js:109:14\n_onCompletHandler function NetworkEventActorProxy.addSecurityInfo threw an exception: [Exception... "Component not initialized"  nsresult: "0xc1f30001 (NS_ERROR_NOT_INITIALIZED)"  location: "JS frame :: resource://devtools/shared/base-loader.js -> resource://devtools/shared/webconsole/network-monitor.js :: NetworkEventActorProxy.methodFactory/< :: line 1887"  data: no]
Stack: NetworkEventActorProxy.methodFactory/<@resource://devtools/shared/base-loader.js -> resource://devtools/shared/webconsole/network-monitor.js:1887:5
exports.makeInfallible/<@resource://devtools/shared/base-loader.js -> resource://devtools/shared/ThreadSafeDevToolsUtils.js:109:14
NetworkResponseListener.prototype._getSecurityInfo<@resource://devtools/shared/base-loader.js -> resource://devtools/shared/webconsole/network-monitor.js:518:5
exports.makeInfallible/<@resource://devtools/shared/base-loader.js -> resource://devtools/shared/ThreadSafeDevToolsUtils.js:109:14
onStartRequest@resource://devtools/shared/base-loader.js -> resource://devtools/shared/webconsole/network-monitor.js:438:5
Line: 1887, column: 0
console.error: "Handler function Netwo[Parent 7148, Gecko_IOThread] WARNING: pipe error: 109: file z:/build/build/src/ipc/chromium/src/chrome/common/ipc_channel_win.cc, line 346
[Child 14600, Chrome_ChildThread] WARNING: pipe error: 109: file z:/build/build/src/ipc/chromium/src/chrome/common/ipc_channel_win.cc, line 346
[Parent 7148, Gecko_IOThread] WARNING: pipe error: 109: file z:/build/build/src/ipc/chromium/src/chrome/common/ipc_channel_win.cc, line 346
[Child 3280, Chrome_ChildThread] WARNING: pipe error: 109: file z:/build/build/src/ipc/chromium/src/chrome/common/ipc_channel_win.cc, line 346
[Child 3280, C[Parent 7148, Gecko_IOThread] WARNING: pipe error: 109: file z:/build/build/src/ipc/chromium/src/chrome/common/ipc_channel_win.cc, line 346
[Child 9816, Chrome_ChildThread] WARNING: pipe error: 109: file z:/build/build/src/ipc/chromium/src/chrome/common/ipc_channel_win.cc, line 346
[Child 9816, C[GPU 11284, Chrome_ChildThread] WARNING: pipe error: 109: file z:/build/build/src/ipc/chromiu
###!!! [Child][MessageChannel::SendAndWait] Error: Channel error: cannot send/recv

olumn: 0"
Handler function NetworkEventActorProxy.addResponseCo[Child 4212, Chrome_ChildThread] WARNING: pipe error: 109: file z:/buil[dParent 12548, Gecko_IOThread] WARNING: pipe error:/build/src/ipc/chromium/src/chro me/common/ipc_c109: filhe zanne:/build/build/src/ipc/chromium/src/chrome/common/ipc_channel_win.l_win.cc, line 346cc, line 346

[Child 4212, Chrome_ChildThread] WARNING: pipe error: 1[Child 13108, Chrome_ChildThread] WARNING: pipe error: 109: file z:/build/build/src/ipc/chromium/src/chrome/common/ipc_channel_win.cc, line 346
[Child 13108, Chrome_Chi[Parent 12548, Gecko_IOThread] WARNING: pipe error: 109: file z:/build/build/src/ipc/chromium/src/chrome/common/ipc_channel_win.cc, line 346
[GPU 1836, Chrome_C
###!!! [Child][MessageChannel::SendAndWait] Error: Channel error: cannot send/recv

red/base-loader.js -> resource://devtools/shared/webconsole/network-monitor.js:620:7
onInputStreamReady@resource://devtools/shared/base-loader.js -> resource://devtools/shared/webconsole/network-monitor.js:714:7
Line: 1887, column: 0
console.error: "Handler function NetworkEventActorProxy.addResponseContent threw an exception: [Exception... \"Component not initialized\"  nsresult: \"0xc1f30001 (NS_ERROR_NOT_INITIALIZED)\"  location: \"JS frame :: resource://devtools/shared/base-loader.js -> resource://devtools/shared/webconsole/network-monitor.js :: NetworkEventActorProxy.methodFactory/< :: line 1887\"  data: no]\nStack: NetworkEventActorProxy.methodFactory/<@resource://devtools/shared/base-loader.js -> resource://devtools/shared/webconsole/network-monitor.js:1887:5\nexports.makeInfallible/<@resource://devtools/shared/base-loader.js -> resource://devtools/shared/ThreadSafeDevToolsUtils.js:109:14\n_onComplete@resource://devtools/shared/base-loader.js -> resource://devtools/shared/webconsole/network-monitor.js:663:5\nonStreamClose@resource://devtools/shared/base-loader.js -> resource://devtools/shared/webconsole/network-monitor.js:620:7\nonInputStreamReady@resource://devtools/shared/base-loader.js -> resource://devtools/shared/webconsole/network-monitor.js:714:7\nLine: 1887, column: 0"
[Parent 2324, Gecko_IOThread] WARNING: pipe error: 109: file z:/build/build/src/ipc/chromium/src/chrome/common/ipc_channel_win.cc, line 346
[Child 4120, Chrome_ChildThread] WARNING: pipe error: 109: file z:/build/build/src/ipc/chromium/src/chrome/common/ipc_channel_wi[Child 6720, Chrome_Cn.hcicl,d Tline 346
hread[Ch] WARNING: pipe error: 109: file z:/build/build/src/ipc/chromium/src/chrome/common/ipc_channel_win.cc, line 346
[Child 6720, Chrome_ChildThread] WARNING: pipe [Parent 2324, Gecko_IOThread] WARNING: pipe error: 109: file z:/build/build/src/ipc/chromium/src/chrome/common/ipc_channel_win.cc, line 346
[Child 84, Chrome_ChildThread] WARNING: pipe error: 109: file z:/build/build/src/ipc/chromium/src/chrome/common/ipc_channel_win.cc, line 346
[Child 84, Chrome_ChildThrea[GPU 1164, Chrome_Child
###!!! [Child][MessageChannel::SendAndWait] Error: Channel error: cannot send/recv

1532372353570	geckodriver	INFO	geckodriver 0.21.0
1532372353581	geckodriver	INFO	Listening on 127.0.0.1:55674
1532372356549	mozrunner::runner	INFO	Running command: "C:\\Program Files\\Mozilla Firefox\\firefox.exe" "-marionette" "-foreground" "-no-remote" "-profile" "C:\\Users\\monster\\AppData\\Local\\Temp\\rust_mozprofile.XlMfvyEnEirp"
Unable to read VR Path Registry from C:\Users\monster\AppData\Local\openvr\openvrpaths.vrpath
Unable to read VR Path Registry from C:\Users\monster\AppData\Local\openvr\openvrpaths.vrpath
Unable to read VR Path Registry from C:\Users\monster\AppData\Local\openvr\openvrpaths.vrpath
Unable to read VR Path Registry from C:\Users\monster\AppData\Local\openvr\openvrpaths.vrpath
Unable to read VR Path Registry from C:\Users\monster\AppData\Local\openvr\openvrpaths.vrpath
1532372357803	Marionette	INFO	Listening on port 55683
1532372358156	Marionette	WARN	TLS certificate errors will be ignored for this session
JavaScript error: https://ss1.bdstatic.com/5eN1bjq8AAUYm2zgoY3K/r/www/cache/static/protocol/https/plugins/every_cookie_4644b13.js, line 4: ReferenceError: c is not defined
Unable to read VR Path Registry from C:\Users\monster\AppData\Local\openvr\openvrpaths.vrpath
IPDL protocol error: Handler returned error code!

###!!! [Parent][DispatchAsyncMessage] Error: PLayerTransaction::Msg_ReleaseLayer Processing error: message was deserialized, but the handler returned false (indicating failure)

IPDL protocol error: Handler returned error code!

###!!! [Parent][DispatchAsyncMessage] Error: PLayerTransaction::Msg_ReleaseLayer Processing error: message was deserialized, but the handler returned false (indicating failure)

IPDL protocol error: Handler returned error code!

###!!! [Parent][DispatchAsyncMessage] Error: PLayerTransaction::Msg_ReleaseLayer Processing error: message was deserialized, but the handler returned false (indicating failure)

IPDL protocol error: Handler returned error code!

###!!! [Parent][DispatchAsyncMessage] Error: PLayerTransaction::Msg_ReleaseLayer Processing error: message was deserialized, but the handler returned false (indicating failure)

IPDL protocol error: Handler returned error code!

###!!! [Parent][DispatchAsyncMessage] Error: PLayerTransaction::Msg_ReleaseLayer Processing error: message was deserialized, but the handler returned false (indicating failure)

IPDL protocol error: Handler returned error code!

###!!! [Parent][DispatchAsyncMessage] Error: PLayerTransaction::Msg_ReleaseLayer Processing error: message was deserialized, but the handler returned [Parent 5900, Gecko_IOThread] WARNING: pipe error: 109: file z:/build/build/src/ipc/chromium/src/chrome/common/ipc_channel_win.cc, line 346
[Parent 5900, Gecko_IOThread] WARNING: pipe error: 109: file z:/build/build/src/ipc/chromium/src/chrome/common/ipc_channel_win.cc, line 346
[Child 12160, Chrome_ChildThread] WARNING: pipe error: 109: file z:/build/build/src/ipc/chromium/src/chrome/common/ipc_channel_win.cc, line 346
[Child 12160, Chrome_ChildThread] WARNI[Child 9136, Chrome_ChildThread] WARNING: pipe error: 109: file z:/build/build/src/ipc/chromium/src/chrome/common/ipc_channel_win.cc, line 346
[Child 9136, Chrome_ChildThread] WARNING: pipe err[Child 8208, Chrome_ChildThread] WARNING: pipe error: 109: file z:/build/build/src/ipc/chromium/src/chrome/common/ipc_channel_win.cc, line 346
[Child 8208, Chrome_ChildThread] WARNING: pipe err[GPU 14104, Chrome_ChildTh
###!!! [Child][MessageChannel::SendAndWait] Error: Channel error: cannot send/recv

t 7716, Gecko_IOThread] WARNING: pipe error: 109: file z:/build/build/src/ipc/chromium/src/chrome/common/ipc_channel_win.cc, line 346
[Parent 7716, Gecko_IOThread] WARNING: pipe error: 109: file z:/build/build/src/ipc/chromium/src/chrome/common/ipc_channel_win.cc, line 346
[Child 9980, Chrome_ChildThread] WARNING: pipe error: 109: file z:/build/build/src/ipc/chromium/src/chrome/common/ipc_channel_win.cc, line 346
[Child 9980,[Child 1468,  Chrome_ChildThread] WARNING: pipe error: 109: file z:/build/build/src/ipc/chromium/src/chrome/common/ipc_channel_win.cc, line 346
[Child 1468, Chrome_ChildTh[Child 14620, Chrome_ChildThread] WARNING: pipe error: 109: file z:/build/build/src/ipc/chromium/src/chrome/common/ipc_channel_win.cc, line 346
[Child 14620, Chrome_ChildThre[Child 13688, Chrome_ChildThread] WARNING: pipe error: 109: file z:/build/build/src/ipc/chromium/src/chrome/common/ipc_channel_win.cc, line 346
[Child 13688, [GPU 14996, Chro
###!!! [Child][MessageChannel::SendAndWait] Error: Channel error: cannot send/recv

